<?xml version="1.0" encoding="UTF-8"?>
<!-- Generated by org.testng.reporters.JUnitXMLReporter -->
<testsuite ignored="6" hostname="LAPTOP-5HE953J4" failures="0" tests="1" name="Default test" time="2.876" errors="0" timestamp="2024-07-08T17:31:15 IST">
  <testcase classname="CryptocurrencyWallet.RestAssure" name="getAnObject" time="2.823"/>
  <testcase classname="CryptocurrencyWallet.RestAssure" name="calculateTransactionFees" time="0.0">
    <ignored/>
  </testcase> <!-- calculateTransactionFees -->
  <testcase classname="CryptocurrencyWallet.RestAssure" name="LoginTheUser" time="0.0">
    <ignored/>
  </testcase> <!-- LoginTheUser -->
  <testcase classname="CryptocurrencyWallet.RestAssure" name="ListOfTransactions" time="0.0">
    <ignored/>
  </testcase> <!-- ListOfTransactions -->
  <testcase classname="CryptocurrencyWallet.RestAssure" name="RegisterAUser" time="0.0">
    <ignored/>
  </testcase> <!-- RegisterAUser -->
  <testcase classname="CryptocurrencyWallet.RestAssure" name="RetrieveBalance" time="0.0">
    <ignored/>
  </testcase> <!-- RetrieveBalance -->
  <testcase classname="CryptocurrencyWallet.RestAssure" name="Transfer" time="0.0">
    <ignored/>
  </testcase> <!-- Transfer -->
</testsuite> <!-- Default test -->
