<?xml version="1.0" encoding="UTF-8"?>
<testng-results ignored="6" total="7" passed="1" failed="0" skipped="0">
  <reporter-output>
  </reporter-output>
  <suite started-at="2024-07-08T17:31:12 IST" name="Default suite" finished-at="2024-07-08T17:31:15 IST" duration-ms="2876">
    <groups>
    </groups>
    <test started-at="2024-07-08T17:31:12 IST" name="Default test" finished-at="2024-07-08T17:31:15 IST" duration-ms="2876">
      <class name="CryptocurrencyWallet.RestAssure">
        <test-method signature="getAnObject()[pri:7, instance:CryptocurrencyWallet.RestAssure@1e1a0406]" started-at="2024-07-08T17:31:12 IST" name="getAnObject" finished-at="2024-07-08T17:31:15 IST" duration-ms="2823" status="PASS">
          <reporter-output>
          </reporter-output>
        </test-method> <!-- getAnObject -->
      </class> <!-- CryptocurrencyWallet.RestAssure -->
    </test> <!-- Default test -->
  </suite> <!-- Default suite -->
</testng-results>
